2025-02-22 04:09:34,355 - INFO - No classes found for IETC in 001434, had to do if statement
2025-02-22 04:36:20,393 - INFO - No classes found for HI in 002183, had to do if statement
2025-02-22 04:36:38,245 - INFO - No classes found for PY in 002183, had to do if statement
2025-02-22 04:41:43,203 - INFO - No classes found for INTS in 003402, had to do if statement
2025-02-22 04:50:11,669 - INFO - No classes found for COMG in 003239, had to do if statement
2025-02-22 05:14:51,623 - INFO - No classes found for AE in 002699, had to do if statement
2025-02-22 05:31:40,861 - INFO - No classes found for ANT in 011167, had to do if statement
2025-02-22 05:32:37,210 - INFO - No classes found for MTH in F00064, had to do if statement
2025-02-22 05:34:37,883 - INFO - No classes found for MA in 002863, had to do if statement
2025-02-22 06:00:42,560 - INFO - No classes found for HU in 001479, had to do if statement
2025-02-22 06:10:11,656 - INFO - No classes found for ENC in 009635, had to do if statement
2025-02-22 06:31:50,514 - INFO - No classes found for ENGL in 001208, had to do if statement
2025-02-22 06:39:11,912 - INFO - No classes found for ENGL in 002732, had to do if statement
2025-02-22 06:54:52,065 - INFO - No classes found for HST in 008244, had to do if statement
2025-02-22 07:10:16,048 - INFO - No classes found for MTH in 004779, had to do if statement
2025-02-22 07:18:04,066 - INFO - No classes found for COMM in 001392, had to do if statement
2025-02-22 07:20:45,224 - INFO - No classes found for LFYW in 010474, had to do if statement
2025-02-22 07:33:20,766 - INFO - No classes found for GEOL in 001239, had to do if statement
2025-02-22 08:27:16,534 - INFO - No classes found for PSYCH in 005000, had to do if statement
2025-02-22 08:29:48,867 - INFO - No classes found for TH in 002591, had to do if statement
2025-02-22 09:11:44,030 - INFO - No classes found for HST in 006785, had to do if statement
2025-02-22 09:15:49,576 - INFO - No classes found for ENGL in 003787, had to do if statement
2025-02-22 09:19:45,594 - INFO - No classes found for COM in 002208, had to do if statement
2025-02-22 09:35:53,809 - INFO - No classes found for ARTC(DA in F00074, had to do if statement
2025-02-22 09:35:54,164 - ERROR - Error getting classes for ARTC(DA in F00074: list index out of range
2025-02-22 09:35:55,386 - INFO - No classes found for ARTC(M) in F00074, had to do if statement
2025-02-22 09:35:55,689 - ERROR - Error getting classes for ARTC(M) in F00074: list index out of range
2025-02-22 09:35:58,372 - INFO - No classes found for ARTD(CD in F00074, had to do if statement
2025-02-22 09:35:58,677 - ERROR - Error getting classes for ARTD(CD in F00074: list index out of range
2025-02-22 09:36:00,150 - INFO - No classes found for ARTD(DF in F00074, had to do if statement
2025-02-22 09:36:00,493 - ERROR - Error getting classes for ARTD(DF in F00074: list index out of range
2025-02-22 09:36:01,735 - INFO - No classes found for ARTD(IG in F00074, had to do if statement
2025-02-22 09:36:02,103 - ERROR - Error getting classes for ARTD(IG in F00074: list index out of range
2025-02-22 09:36:03,317 - INFO - No classes found for ARTD(IL in F00074, had to do if statement
2025-02-22 09:36:03,693 - ERROR - Error getting classes for ARTD(IL in F00074: list index out of range
2025-02-22 09:36:05,040 - INFO - No classes found for ARTD(VD in F00074, had to do if statement
2025-02-22 09:36:05,375 - ERROR - Error getting classes for ARTD(VD in F00074: list index out of range
2025-02-22 09:36:08,785 - INFO - No classes found for ARTH(BN in F00074, had to do if statement
2025-02-22 09:36:09,117 - ERROR - Error getting classes for ARTH(BN in F00074: list index out of range
2025-02-22 09:36:10,485 - INFO - No classes found for ARTH(M) in F00074, had to do if statement
2025-02-22 09:36:10,843 - ERROR - Error getting classes for ARTH(M) in F00074: list index out of range
2025-02-22 09:36:11,933 - INFO - No classes found for ARTH(RS in F00074, had to do if statement
2025-02-22 09:36:12,244 - ERROR - Error getting classes for ARTH(RS in F00074: list index out of range
2025-02-22 09:36:13,706 - INFO - No classes found for ARTH(V) in F00074, had to do if statement
2025-02-22 09:36:14,040 - ERROR - Error getting classes for ARTH(V) in F00074: list index out of range
2025-02-22 09:36:15,199 - INFO - No classes found for ARTH(W) in F00074, had to do if statement
2025-02-22 09:36:15,556 - ERROR - Error getting classes for ARTH(W) in F00074: list index out of range
2025-02-22 09:36:21,330 - INFO - No classes found for ARTS(AM in F00074, had to do if statement
2025-02-22 09:36:22,206 - ERROR - Error getting classes for ARTS(AM in F00074: list index out of range
2025-02-22 09:36:23,459 - INFO - No classes found for ARTS(AO in F00074, had to do if statement
2025-02-22 09:36:24,468 - ERROR - Error getting classes for ARTS(AO in F00074: list index out of range
2025-02-22 09:36:26,409 - INFO - No classes found for ARTS(B) in F00074, had to do if statement
2025-02-22 09:36:27,277 - ERROR - Error getting classes for ARTS(B) in F00074: list index out of range
2025-02-22 09:36:28,416 - INFO - No classes found for ARTS(BA in F00074, had to do if statement
2025-02-22 09:36:28,797 - ERROR - Error getting classes for ARTS(BA in F00074: list index out of range
2025-02-22 09:36:30,087 - INFO - No classes found for ARTS(D) in F00074, had to do if statement
2025-02-22 09:36:30,418 - ERROR - Error getting classes for ARTS(D) in F00074: list index out of range
2025-02-22 09:36:31,338 - INFO - No classes found for ARTS(E) in F00074, had to do if statement
2025-02-22 09:36:31,700 - ERROR - Error getting classes for ARTS(E) in F00074: list index out of range
2025-02-22 09:36:33,136 - INFO - No classes found for ARTS(F) in F00074, had to do if statement
2025-02-22 09:36:33,469 - ERROR - Error getting classes for ARTS(F) in F00074: list index out of range
2025-02-22 09:36:34,613 - INFO - No classes found for ARTS(FD in F00074, had to do if statement
2025-02-22 09:36:34,975 - ERROR - Error getting classes for ARTS(FD in F00074: list index out of range
2025-02-22 09:36:36,311 - INFO - No classes found for ARTS(L) in F00074, had to do if statement
2025-02-22 09:36:36,656 - ERROR - Error getting classes for ARTS(L) in F00074: list index out of range
2025-02-22 09:36:37,652 - INFO - No classes found for ARTS(M) in F00074, had to do if statement
2025-02-22 09:36:38,000 - ERROR - Error getting classes for ARTS(M) in F00074: list index out of range
2025-02-22 09:36:39,009 - INFO - No classes found for ARTS(P) in F00074, had to do if statement
2025-02-22 09:36:39,323 - ERROR - Error getting classes for ARTS(P) in F00074: list index out of range
2025-02-22 09:36:40,268 - INFO - No classes found for ARTS(PC in F00074, had to do if statement
2025-02-22 09:36:40,594 - ERROR - Error getting classes for ARTS(PC in F00074: list index out of range
2025-02-22 09:36:42,142 - INFO - No classes found for ARTS(PH in F00074, had to do if statement
2025-02-22 09:36:42,446 - ERROR - Error getting classes for ARTS(PH in F00074: list index out of range
2025-02-22 09:36:43,958 - INFO - No classes found for ARTS(S) in F00074, had to do if statement
2025-02-22 09:36:44,315 - ERROR - Error getting classes for ARTS(S) in F00074: list index out of range
2025-02-22 09:36:45,737 - INFO - No classes found for ARTS(W) in F00074, had to do if statement
2025-02-22 09:36:46,209 - ERROR - Error getting classes for ARTS(W) in F00074: list index out of range
2025-02-22 09:39:49,202 - INFO - No classes found for PSYC in 002218, had to do if statement
2025-02-22 09:44:07,200 - INFO - No classes found for EGR  53 in 002876, had to do if statement
2025-02-22 09:44:11,729 - INFO - No classes found for PHY  35 in 002876, had to do if statement
2025-02-22 10:05:13,173 - INFO - No classes found for ENG in 009763, had to do if statement
2025-02-22 10:05:19,649 - INFO - No classes found for PSY in 009763, had to do if statement
2025-02-22 10:07:16,228 - INFO - No classes found for LATIN in 002221, had to do if statement
2025-02-22 11:08:20,648 - INFO - No classes found for BUE in 002050, had to do if statement
2025-02-22 11:36:21,526 - INFO - No classes found for EE in 003696, had to do if statement
2025-02-22 11:46:36,700 - INFO - No classes found for ARTH in 003735, had to do if statement
2025-02-22 11:51:56,070 - INFO - No classes found for AAA in 693100, had to do if statement
